2025-06-14 10:11:57,037 [INFO] Activator:176 - 


2025-06-14 10:11:57,043 [INFO] Activator:177 - !SESSION log4j initialized
2025-06-14 10:12:06,306 [INFO] LogOutputStream:77 - [STDOUT_REDIRECT] 
2025-06-14 10:12:19,997 [INFO] ApplicationProperties:184 - Using Application install path: C:\STprograms\STM32CubeIDE_1.15.1\STM32CubeIDE\plugins\com.st.stm32cube.common.mx_6.14.0.202502271554
2025-06-14 10:12:20,032 [INFO] DbMcusXml:78 - Set database path to: C:\STprograms\STM32CubeIDE_1.15.1\STM32CubeIDE\plugins\com.st.stm32cube.common.mx_6.14.0.202502271554\\db\/mcu/
2025-06-14 10:12:20,032 [INFO] ApiDb:274 - Set plugin database path to: C:\STprograms\STM32CubeIDE_1.15.1\STM32CubeIDE\plugins\com.st.stm32cube.common.mx_6.14.0.202502271554\\db\/plugins/boardmanager/
2025-06-14 10:12:20,033 [WARN] ApiDb:259 - Overriding images path with different value:  => C:\STprograms\STM32CubeIDE_1.15.1\STM32CubeIDE\plugins\com.st.stm32cube.common.mx_6.14.0.202502271554\\db\/plugins/mcufinder/images/
2025-06-14 10:12:20,052 [INFO] ApiDb:250 - Set database path to: C:\Users\ingda\.stmcufinder\plugins\mcufinder//mcu/
2025-06-14 10:12:20,054 [INFO] DbMcusAds:125 - Set database path to: C:\Users\ingda\.stmcufinder\plugins\mcufinder//mcu/
2025-06-14 10:12:20,059 [INFO] CrossReferenceDbSqlite:203 - Set database path to: C:\Users\ingda\.stmcufinder\plugins\mcufinder//mcu/cs/
2025-06-14 10:12:20,244 [INFO] RulesReader:64 - Compatibility file has been processed (301 Rules)
2025-06-14 10:12:20,417 [INFO] DbMcusXml:78 - Set database path to: C:\STprograms\STM32CubeIDE_1.15.1\STM32CubeIDE\plugins\com.st.stm32cube.common.mx_6.14.0.202502271554\\db\/mcu/
2025-06-14 10:12:20,418 [INFO] ApiDb:274 - Set plugin database path to: C:\STprograms\STM32CubeIDE_1.15.1\STM32CubeIDE\plugins\com.st.stm32cube.common.mx_6.14.0.202502271554\\db\/plugins/boardmanager/
2025-06-14 10:12:20,418 [INFO] ApiDb:261 - Set plugin images path to: C:\STprograms\STM32CubeIDE_1.15.1\STM32CubeIDE\plugins\com.st.stm32cube.common.mx_6.14.0.202502271554\\db\/plugins/mcufinder/images/
2025-06-14 10:12:20,418 [WARN] DbFile:41 - Overriding database path with different value: C:\Users\ingda\.stmcufinder\plugins\mcufinder/ => C:\Users\ingda\.stmcufinder\plugins\mcufinder
2025-06-14 10:12:20,418 [INFO] ApiDb:250 - Set database path to: C:\Users\ingda\.stmcufinder\plugins\mcufinder//mcu/
2025-06-14 10:12:20,418 [WARN] DbFile:41 - Overriding database path with different value: C:\Users\ingda\.stmcufinder\plugins\mcufinder/ => C:\Users\ingda\.stmcufinder\plugins\mcufinder
2025-06-14 10:12:20,418 [INFO] DbMcusAds:125 - Set database path to: C:\Users\ingda\.stmcufinder\plugins\mcufinder//mcu/
2025-06-14 10:12:20,419 [WARN] DbFile:41 - Overriding database path with different value: C:\Users\ingda\.stmcufinder\plugins\mcufinder/ => C:\Users\ingda\.stmcufinder\plugins\mcufinder
2025-06-14 10:12:20,419 [WARN] DbFile:41 - Overriding database path with different value: C:\Users\ingda\.stmcufinder\plugins\mcufinder/ => C:\Users\ingda\.stmcufinder\plugins\mcufinder
2025-06-14 10:12:20,419 [INFO] CrossReferenceDbSqlite:203 - Set database path to: C:\Users\ingda\.stmcufinder\plugins\mcufinder//mcu/cs/
2025-06-14 10:12:20,550 [INFO] MainPanel:272 - HeapMemory: 268435456
2025-06-14 10:12:20,694 [INFO] DbMcusXml:78 - Set database path to: C:\STprograms\STM32CubeIDE_1.15.1\STM32CubeIDE\plugins\com.st.stm32cube.common.mx_6.14.0.202502271554\\db\/mcu/
2025-06-14 10:12:20,694 [INFO] ApiDb:274 - Set plugin database path to: C:\STprograms\STM32CubeIDE_1.15.1\STM32CubeIDE\plugins\com.st.stm32cube.common.mx_6.14.0.202502271554\\db\/plugins/boardmanager/
2025-06-14 10:12:20,694 [INFO] ApiDb:261 - Set plugin images path to: C:\STprograms\STM32CubeIDE_1.15.1\STM32CubeIDE\plugins\com.st.stm32cube.common.mx_6.14.0.202502271554\\db\/plugins/mcufinder/images/
2025-06-14 10:12:20,695 [WARN] DbFile:41 - Overriding database path with different value: C:\Users\ingda\.stmcufinder\plugins\mcufinder/ => C:\Users\ingda\.stmcufinder\plugins\mcufinder
2025-06-14 10:12:20,695 [INFO] ApiDb:250 - Set database path to: C:\Users\ingda\.stmcufinder\plugins\mcufinder//mcu/
2025-06-14 10:12:20,695 [WARN] DbFile:41 - Overriding database path with different value: C:\Users\ingda\.stmcufinder\plugins\mcufinder/ => C:\Users\ingda\.stmcufinder\plugins\mcufinder
2025-06-14 10:12:20,695 [INFO] DbMcusAds:125 - Set database path to: C:\Users\ingda\.stmcufinder\plugins\mcufinder//mcu/
2025-06-14 10:12:20,695 [WARN] DbFile:41 - Overriding database path with different value: C:\Users\ingda\.stmcufinder\plugins\mcufinder/ => C:\Users\ingda\.stmcufinder\plugins\mcufinder
2025-06-14 10:12:20,695 [WARN] DbFile:41 - Overriding database path with different value: C:\Users\ingda\.stmcufinder\plugins\mcufinder/ => C:\Users\ingda\.stmcufinder\plugins\mcufinder
2025-06-14 10:12:20,695 [INFO] CrossReferenceDbSqlite:203 - Set database path to: C:\Users\ingda\.stmcufinder\plugins\mcufinder//mcu/cs/
2025-06-14 10:12:20,718 [INFO] ApplicationProperties:184 - Using Application install path: C:\STprograms\STM32CubeIDE_1.15.1\STM32CubeIDE\plugins\com.st.stm32cube.common.mx_6.14.0.202502271554
2025-06-14 10:12:20,719 [INFO] PluginManage:196 - Search for loadable plugins [exclusion list=, ]
2025-06-14 10:12:20,722 [INFO] PluginManage:310 - Check plugin analytics
2025-06-14 10:12:21,012 [INFO] AnalyticsPlugin:253 - Accepted Software Licenses: 
2025-06-14 10:12:21,012 [INFO] AnalyticsPlugin:255 - Accepted CMSIS Pack Licenses: 
2025-06-14 10:12:21,013 [INFO] AnalyticsPlugin:257 - Accepted Firmware Licenses: 
2025-06-14 10:12:21,020 [INFO] PluginManage:359 - Loaded plugin analytics (category:tool,tabindex:-1)
2025-06-14 10:12:21,022 [INFO] PluginManage:310 - Check plugin cadmodel
2025-06-14 10:12:21,037 [INFO] CADModel:105 - Init CAD model plugin
2025-06-14 10:12:21,037 [INFO] PluginManage:359 - Loaded plugin cadmodel (category:power,tabindex:5)
2025-06-14 10:12:21,037 [INFO] PluginManage:310 - Check plugin clock
2025-06-14 10:12:21,063 [INFO] PluginManage:359 - Loaded plugin clock (category:base,tabindex:2)
2025-06-14 10:12:21,063 [INFO] PluginManage:310 - Check plugin ddr
2025-06-14 10:12:21,068 [INFO] PluginManage:359 - Loaded plugin ddr (category:tool,tabindex:6)
2025-06-14 10:12:21,069 [INFO] PluginManage:310 - Check plugin filemanager
2025-06-14 10:12:21,425 [INFO] PluginManage:359 - Loaded plugin filemanager (category:base,tabindex:10)
2025-06-14 10:12:21,425 [INFO] PluginManage:310 - Check plugin ipmanager
2025-06-14 10:12:21,438 [INFO] PluginManage:359 - Loaded plugin ipmanager (category:base,tabindex:5)
2025-06-14 10:12:21,438 [INFO] PluginManage:310 - Check plugin lpbam
2025-06-14 10:12:21,452 [INFO] PluginManage:359 - Loaded plugin lpbam (category:base,tabindex:0)
2025-06-14 10:12:21,452 [INFO] PluginManage:310 - Check plugin memorymap
2025-06-14 10:12:21,474 [INFO] PluginManage:359 - Loaded plugin memorymap (category:base,tabindex:4)
2025-06-14 10:12:21,474 [INFO] PluginManage:310 - Check plugin pinoutandconfiguration
2025-06-14 10:12:21,485 [INFO] PluginManage:359 - Loaded plugin pinoutandconfiguration (category:base,tabindex:1)
2025-06-14 10:12:21,486 [INFO] PluginManage:310 - Check plugin pinoutconfig
2025-06-14 10:12:21,627 [WARN] SupportedApi:132 - Cannot load RTOS API schema: s4s-elt-must-match.1: The content of 'definitions' must match (annotation?, (simpleType | complexType)?, (unique | key | keyref)*)). A problem was found starting at: attribute.
2025-06-14 10:12:21,842 [INFO] PluginManage:359 - Loaded plugin pinoutconfig (category:base,tabindex:0)
2025-06-14 10:12:21,842 [INFO] PluginManage:310 - Check plugin power
2025-06-14 10:12:21,859 [INFO] PluginManage:359 - Loaded plugin power (category:power,tabindex:4)
2025-06-14 10:12:21,859 [INFO] PluginManage:310 - Check plugin projectmanager
2025-06-14 10:12:21,879 [INFO] PluginManage:359 - Loaded plugin projectmanager (category:projectmanager,tabindex:4)
2025-06-14 10:12:21,880 [INFO] PluginManage:310 - Check plugin rif
2025-06-14 10:12:21,889 [INFO] PluginManage:359 - Loaded plugin rif (category:base,tabindex:3)
2025-06-14 10:12:21,889 [INFO] PluginManage:310 - Check plugin thirdparty
2025-06-14 10:12:22,138 [WARN] IntegrityCheckThread:84 - waiting for thirdparty lock release [integrity check]
2025-06-14 10:12:22,139 [INFO] IntegrityCheckThread:86 - entering critical section [integrity check]
2025-06-14 10:12:22,139 [INFO] ThirdPartyUpdaterWithRetryManager:70 - Updater plugin not ready yet. [1/15]
2025-06-14 10:12:22,146 [INFO] PluginManage:359 - Loaded plugin thirdparty (category:base,tabindex:-1)
2025-06-14 10:12:22,146 [INFO] PluginManage:310 - Check plugin tools
2025-06-14 10:12:22,157 [INFO] PluginManage:359 - Loaded plugin tools (category:base,tabindex:7)
2025-06-14 10:12:22,158 [INFO] PluginManage:310 - Check plugin tutovideos
2025-06-14 10:12:22,397 [INFO] PluginManage:359 - Loaded plugin tutovideos (category:base,tabindex:-1)
2025-06-14 10:12:22,397 [INFO] PluginManage:310 - Check plugin updater
2025-06-14 10:12:22,435 [INFO] PluginManage:359 - Loaded plugin updater (category:base,tabindex:12)
2025-06-14 10:12:22,435 [INFO] PluginManage:310 - Check plugin userauth
2025-06-14 10:12:22,452 [INFO] UserAuth:118 - Init User Auth plugin
2025-06-14 10:12:22,455 [INFO] PluginManage:359 - Loaded plugin userauth (category:base,tabindex:14)
2025-06-14 10:12:22,456 [INFO] PluginManage:283 - PluginManage : Loaded plugins [18]
2025-06-14 10:12:22,860 [INFO] PinOutPanel:1589 - setPackage(No Configuration,No Configuration)
2025-06-14 10:12:23,059 [INFO] CADModel:165 - CPN selected for project level
2025-06-14 10:12:23,060 [INFO] CADModel:114 - Register for checkConnection events
2025-06-14 10:12:23,103 [INFO] IPUIPlugin:80 - create IPUIPlugin
2025-06-14 10:12:23,104 [INFO] PluginManager:220 - loadIPPluginJar : add adc
2025-06-14 10:12:23,111 [INFO] IPUIPlugin:80 - create IPUIPlugin
2025-06-14 10:12:23,111 [INFO] PluginManager:220 - loadIPPluginJar : add aes
2025-06-14 10:12:23,117 [INFO] IPUIPlugin:80 - create IPUIPlugin
2025-06-14 10:12:23,118 [INFO] PluginManager:220 - loadIPPluginJar : add can
2025-06-14 10:12:23,122 [INFO] IPUIPlugin:80 - create IPUIPlugin
2025-06-14 10:12:23,123 [INFO] PluginManager:220 - loadIPPluginJar : add comp
2025-06-14 10:12:23,129 [INFO] IPUIPlugin:80 - create IPUIPlugin
2025-06-14 10:12:23,129 [INFO] PluginManager:220 - loadIPPluginJar : add cryp
2025-06-14 10:12:23,137 [INFO] IPUIPlugin:80 - create IPUIPlugin
2025-06-14 10:12:23,137 [INFO] PluginManager:220 - loadIPPluginJar : add ddr_ctrl_phy
2025-06-14 10:12:23,142 [INFO] IPUIPlugin:80 - create IPUIPlugin
2025-06-14 10:12:23,142 [INFO] PluginManager:220 - loadIPPluginJar : add dfsdm
2025-06-14 10:12:23,154 [INFO] IPUIPlugin:80 - create IPUIPlugin
2025-06-14 10:12:23,155 [INFO] PluginManager:220 - loadIPPluginJar : add dma
2025-06-14 10:12:23,162 [INFO] IPUIPlugin:80 - create IPUIPlugin
2025-06-14 10:12:23,162 [INFO] PluginManager:220 - loadIPPluginJar : add dma3
2025-06-14 10:12:23,170 [INFO] IPUIPlugin:80 - create IPUIPlugin
2025-06-14 10:12:23,170 [INFO] PluginManager:220 - loadIPPluginJar : add extmemmanager
2025-06-14 10:12:23,176 [INFO] IPUIPlugin:80 - create IPUIPlugin
2025-06-14 10:12:23,176 [INFO] PluginManager:220 - loadIPPluginJar : add fatfs
2025-06-14 10:12:23,187 [INFO] IPUIPlugin:80 - create IPUIPlugin
2025-06-14 10:12:23,187 [INFO] PluginManager:220 - loadIPPluginJar : add fmc
2025-06-14 10:12:23,199 [INFO] IPUIPlugin:80 - create IPUIPlugin
2025-06-14 10:12:23,199 [INFO] PluginManager:220 - loadIPPluginJar : add freertos
2025-06-14 10:12:23,202 [INFO] IPUIPlugin:80 - create IPUIPlugin
2025-06-14 10:12:23,202 [INFO] PluginManager:220 - loadIPPluginJar : add genericplugin
2025-06-14 10:12:23,209 [INFO] IPUIPlugin:80 - create IPUIPlugin
2025-06-14 10:12:23,209 [INFO] PluginManager:220 - loadIPPluginJar : add gfxmmu
2025-06-14 10:12:23,220 [INFO] IPUIPlugin:80 - create IPUIPlugin
2025-06-14 10:12:23,220 [INFO] PluginManager:220 - loadIPPluginJar : add gic
2025-06-14 10:12:23,229 [INFO] IPUIPlugin:80 - create IPUIPlugin
2025-06-14 10:12:23,229 [INFO] PluginManager:220 - loadIPPluginJar : add gpio
2025-06-14 10:12:23,236 [INFO] IPUIPlugin:80 - create IPUIPlugin
2025-06-14 10:12:23,237 [INFO] PluginManager:220 - loadIPPluginJar : add gtzc
2025-06-14 10:12:23,242 [INFO] IPUIPlugin:80 - create IPUIPlugin
2025-06-14 10:12:23,243 [INFO] PluginManager:220 - loadIPPluginJar : add hash
2025-06-14 10:12:23,250 [INFO] IPUIPlugin:80 - create IPUIPlugin
2025-06-14 10:12:23,250 [INFO] PluginManager:220 - loadIPPluginJar : add i2c
2025-06-14 10:12:23,256 [INFO] IPUIPlugin:80 - create IPUIPlugin
2025-06-14 10:12:23,256 [INFO] PluginManager:220 - loadIPPluginJar : add i2s
2025-06-14 10:12:23,266 [INFO] IPUIPlugin:80 - create IPUIPlugin
2025-06-14 10:12:23,266 [INFO] PluginManager:220 - loadIPPluginJar : add i3c
2025-06-14 10:12:23,277 [INFO] IPUIPlugin:80 - create IPUIPlugin
2025-06-14 10:12:23,278 [INFO] PluginManager:220 - loadIPPluginJar : add ipddr
2025-06-14 10:12:23,296 [INFO] IPUIPlugin:80 - create IPUIPlugin
2025-06-14 10:12:23,296 [INFO] PluginManager:220 - loadIPPluginJar : add linkedlist
2025-06-14 10:12:23,309 [INFO] IPUIPlugin:80 - create IPUIPlugin
2025-06-14 10:12:23,310 [INFO] PluginManager:220 - loadIPPluginJar : add lorawan
2025-06-14 10:12:23,316 [INFO] IPUIPlugin:80 - create IPUIPlugin
2025-06-14 10:12:23,316 [INFO] PluginManager:220 - loadIPPluginJar : add ltdc
2025-06-14 10:12:23,328 [INFO] IPUIPlugin:80 - create IPUIPlugin
2025-06-14 10:12:23,329 [INFO] PluginManager:220 - loadIPPluginJar : add mdma
2025-06-14 10:12:23,337 [INFO] IPUIPlugin:80 - create IPUIPlugin
2025-06-14 10:12:23,337 [INFO] PluginManager:220 - loadIPPluginJar : add nvic
2025-06-14 10:12:23,347 [INFO] IPUIPlugin:80 - create IPUIPlugin
2025-06-14 10:12:23,348 [INFO] PluginManager:220 - loadIPPluginJar : add opamp
2025-06-14 10:12:23,354 [INFO] IPUIPlugin:80 - create IPUIPlugin
2025-06-14 10:12:23,354 [INFO] PluginManager:220 - loadIPPluginJar : add openamp
2025-06-14 10:12:23,363 [INFO] IPUIPlugin:80 - create IPUIPlugin
2025-06-14 10:12:23,363 [INFO] PluginManager:220 - loadIPPluginJar : add pdm2pcm
2025-06-14 10:12:23,375 [INFO] IPUIPlugin:80 - create IPUIPlugin
2025-06-14 10:12:23,383 [INFO] PluginManager:220 - loadIPPluginJar : add plateformsettings
2025-06-14 10:12:23,391 [INFO] IPUIPlugin:80 - create IPUIPlugin
2025-06-14 10:12:23,391 [INFO] PluginManager:220 - loadIPPluginJar : add quadspi
2025-06-14 10:12:23,400 [INFO] IPUIPlugin:80 - create IPUIPlugin
2025-06-14 10:12:23,402 [INFO] PluginManager:220 - loadIPPluginJar : add radio
2025-06-14 10:12:23,416 [INFO] IPUIPlugin:80 - create IPUIPlugin
2025-06-14 10:12:23,416 [INFO] PluginManager:220 - loadIPPluginJar : add resmgrutility
2025-06-14 10:12:23,425 [INFO] IPUIPlugin:80 - create IPUIPlugin
2025-06-14 10:12:23,426 [INFO] PluginManager:220 - loadIPPluginJar : add sai
2025-06-14 10:12:23,436 [INFO] IPUIPlugin:80 - create IPUIPlugin
2025-06-14 10:12:23,436 [INFO] PluginManager:220 - loadIPPluginJar : add spi
2025-06-14 10:12:23,455 [INFO] IPUIPlugin:80 - create IPUIPlugin
2025-06-14 10:12:23,455 [INFO] PluginManager:220 - loadIPPluginJar : add stm32_wpan
2025-06-14 10:12:23,460 [INFO] IPUIPlugin:80 - create IPUIPlugin
2025-06-14 10:12:23,460 [INFO] PluginManager:220 - loadIPPluginJar : add tim
2025-06-14 10:12:23,467 [INFO] IPUIPlugin:80 - create IPUIPlugin
2025-06-14 10:12:23,468 [INFO] PluginManager:220 - loadIPPluginJar : add touchsensing
2025-06-14 10:12:23,472 [INFO] IPUIPlugin:80 - create IPUIPlugin
2025-06-14 10:12:23,472 [INFO] PluginManager:220 - loadIPPluginJar : add tracer_emb
2025-06-14 10:12:23,477 [INFO] IPUIPlugin:80 - create IPUIPlugin
2025-06-14 10:12:23,477 [INFO] PluginManager:220 - loadIPPluginJar : add ts
2025-06-14 10:12:23,481 [INFO] IPUIPlugin:80 - create IPUIPlugin
2025-06-14 10:12:23,482 [INFO] PluginManager:220 - loadIPPluginJar : add tsc
2025-06-14 10:12:23,486 [INFO] IPUIPlugin:80 - create IPUIPlugin
2025-06-14 10:12:23,486 [INFO] PluginManager:220 - loadIPPluginJar : add ucpd
2025-06-14 10:12:23,493 [INFO] IPUIPlugin:80 - create IPUIPlugin
2025-06-14 10:12:23,493 [INFO] PluginManager:220 - loadIPPluginJar : add usart
2025-06-14 10:12:23,500 [INFO] IPUIPlugin:80 - create IPUIPlugin
2025-06-14 10:12:23,501 [INFO] PluginManager:220 - loadIPPluginJar : add usbx
2025-06-14 10:12:23,709 [FATAL] Updater:351 - Updater called before beeing initialized
2025-06-14 10:12:23,760 [INFO] RulesReader:64 - Compatibility file has been processed (301 Rules)
2025-06-14 10:12:23,787 [INFO] RulesReader:64 - Compatibility file has been processed (301 Rules)
2025-06-14 10:12:23,818 [INFO] CADModel:165 - CPN selected for project level
2025-06-14 10:12:23,818 [INFO] CADModel:114 - Register for checkConnection events
2025-06-14 10:12:23,818 [FATAL] Updater:351 - Updater called before beeing initialized
2025-06-14 10:12:23,819 [ERROR] CADModel:125 - Updater not yet initialized, retry later 
2025-06-14 10:12:24,283 [FATAL] Updater:351 - Updater called before beeing initialized
2025-06-14 10:12:24,287 [INFO] CADModel:165 - CPN selected for project level
2025-06-14 10:12:24,287 [INFO] CADModel:114 - Register for checkConnection events
2025-06-14 10:12:24,288 [FATAL] Updater:351 - Updater called before beeing initialized
2025-06-14 10:12:24,288 [ERROR] CADModel:125 - Updater not yet initialized, retry later 
2025-06-14 10:12:24,294 [FATAL] Updater:351 - Updater called before beeing initialized
2025-06-14 10:12:24,543 [FATAL] Updater:351 - Updater called before beeing initialized
2025-06-14 10:12:24,553 [INFO] DbMcusAds:53 - JSON generation date=Wed May 07 11:07:55 CEST 2025 (1746608875484)
2025-06-14 10:12:24,554 [FATAL] Updater:351 - Updater called before beeing initialized
2025-06-14 10:12:24,651 [WARN] DetailPanel:346 - Failed to get advertising image, set to default
2025-06-14 10:12:25,012 [FATAL] Updater:351 - Updater called before beeing initialized
2025-06-14 10:12:25,014 [FATAL] Updater:351 - Updater called before beeing initialized
2025-06-14 10:12:25,014 [FATAL] Updater:351 - Updater called before beeing initialized
2025-06-14 10:12:25,015 [WARN] DetailPanel:346 - Failed to get advertising image, set to default
2025-06-14 10:12:25,016 [FATAL] Updater:351 - Updater called before beeing initialized
2025-06-14 10:12:25,109 [ERROR] Updater:1198 - MainUpdater not yet initialized. External WinMGr cannot be set.
2025-06-14 10:12:25,111 [INFO] Updater:1134 - Updater Version found : 6.14.0
2025-06-14 10:12:25,135 [INFO] ApplicationProperties:184 - Using Application install path: C:\STprograms\STM32CubeIDE_1.15.1\STM32CubeIDE\plugins\com.st.stm32cube.common.mx_6.14.0.202502271554
2025-06-14 10:12:25,140 [INFO] ThirdPartyUpdaterWithRetryManager:70 - Updater plugin not ready yet. [2/15]
2025-06-14 10:12:27,956 [INFO] MainUpdater:2872 - connection check result : 10
2025-06-14 10:12:27,956 [INFO] MainUpdater:289 - Updater Check For Update Now.
2025-06-14 10:12:27,957 [INFO] MicroXplorer:498 - Change Database Version : DB.6.0.140
2025-06-14 10:12:27,966 [INFO] McuFinderGlobals:63 - Set McuFinder mode to 2 (CubeIDE integrated)
2025-06-14 10:12:27,967 [INFO] UserAuth:486 - Internet connection configuration mode: 1
2025-06-14 10:12:28,046 [INFO] JxBrowserEngine:152 - Initiate JxBrowser Engine with user profile folder
2025-06-14 10:12:28,141 [WARN] MainUpdater:1193 - Updater busy. Cannot search thirdparties
2025-06-14 10:12:28,141 [INFO] ThirdPartyUpdaterWithRetryManager:96 - Updater plugin is busy. [1/15]
2025-06-14 10:12:28,181 [INFO] CheckServerUpdateThread:120 - End of CheckServer Thread
2025-06-14 10:12:29,652 [INFO] WebApp:169 - Instantiating new browser for Auth
2025-06-14 10:12:30,708 [INFO] WebApp:463 - Apply proxy settings
2025-06-14 10:12:30,708 [INFO] WebApp:548 - Chromium requires no authentication
2025-06-14 10:12:30,720 [INFO] WebApp:491 - Direct internet connection detected
2025-06-14 10:12:30,755 [INFO] WebApp:894 - Register for checkConnection events
2025-06-14 10:12:30,755 [INFO] WebApp:463 - Apply proxy settings
2025-06-14 10:12:30,756 [INFO] WebApp:548 - Chromium requires no authentication
2025-06-14 10:12:30,756 [INFO] WebApp:491 - Direct internet connection detected
2025-06-14 10:12:31,001 [INFO] WebApp:225 - Starting web application
2025-06-14 10:12:31,001 [INFO] WebApp:593 - Web application path used C:\STprograms\STM32CubeIDE_1.15.1\STM32CubeIDE\plugins\com.st.stm32cube.common.mx_6.14.0.202502271554\db\plugins\mcufinder\reactClient1\index.html
2025-06-14 10:12:31,093 [INFO] UserAuth:486 - Internet connection configuration mode: 1
2025-06-14 10:12:32,013 [INFO] WebApp:191 - Connection restablished
2025-06-14 10:12:32,324 [WARN] PackLoader:240 - Cannot read IP mode file for STMicroelectronics.FP-SNS-MOTENVWB1.1.4.0
2025-06-14 10:12:32,364 [WARN] PackLoader:240 - Cannot read IP mode file for STMicroelectronics.FP-ATR-ASTRA1.2.0.2
2025-06-14 10:12:32,374 [WARN] PackLoader:240 - Cannot read IP mode file for STMicroelectronics.FP-ATR-ASTRA1.2.0.1
2025-06-14 10:12:32,432 [WARN] PackLoader:240 - Cannot read IP mode file for STMicroelectronics.X-CUBE-SMBUS.2.1.0
2025-06-14 10:12:32,459 [WARN] PackLoader:240 - Cannot read IP mode file for STMicroelectronics.X-CUBE-WB05N.1.1.0
2025-06-14 10:12:32,476 [WARN] PackLoader:240 - Cannot read IP mode file for STMicroelectronics.X-CUBE-TOUCHGFX.4.23.2
2025-06-14 10:12:32,552 [WARN] PackLoader:240 - Cannot read IP mode file for STMicroelectronics.X-CUBE-AZRTOS-F7.1.1.0
2025-06-14 10:12:32,679 [WARN] PackLoader:240 - Cannot read IP mode file for STMicroelectronics.X-CUBE-MEMS1.11.0.0
2025-06-14 10:12:33,492 [WARN] PackLoader:240 - Cannot read IP mode file for STMicroelectronics.FP-SNS-FLIGHT1.5.0.2
2025-06-14 10:12:33,538 [WARN] PackLoader:240 - Cannot read IP mode file for Infineon.AIROC-Wi-Fi-Bluetooth-STM32.1.7.0
2025-06-14 10:12:33,563 [WARN] PackLoader:240 - Cannot read IP mode file for STMicroelectronics.X-CUBE-DISPLAY.3.0.0
2025-06-14 10:12:33,583 [WARN] PackLoader:240 - Cannot read IP mode file for STMicroelectronics.X-CUBE-BLE1.7.0.0
2025-06-14 10:12:33,601 [WARN] PackLoader:240 - Cannot read IP mode file for STMicroelectronics.X-CUBE-NFC10.1.0.0
2025-06-14 10:12:33,629 [WARN] PackLoader:240 - Cannot read IP mode file for STMicroelectronics.X-CUBE-BLEMGR.4.0.0
2025-06-14 10:12:33,650 [WARN] PackLoader:240 - Cannot read IP mode file for emotas.I-CUBE-CANOPEN.1.3.0
2025-06-14 10:12:33,676 [WARN] PackLoader:240 - Cannot read IP mode file for STMicroelectronics.X-CUBE-BLEMGR.3.1.0
2025-06-14 10:12:33,786 [WARN] PackLoader:240 - Cannot read IP mode file for STMicroelectronics.X-CUBE-AI.10.0.0
2025-06-14 10:12:33,850 [WARN] PackLoader:240 - Cannot read IP mode file for STMicroelectronics.FP-SNS-SMARTAG2.1.2.0
2025-06-14 10:12:33,859 [WARN] PackLoader:240 - Cannot read IP mode file for STMicroelectronics.FP-SNS-FLIGHT1.5.1.0
2025-06-14 10:12:33,927 [WARN] PackLoader:240 - Cannot read IP mode file for STMicroelectronics.X-CUBE-MEMS1.11.1.0
2025-06-14 10:12:34,202 [INFO] LogOutputStream:77 - [STDOUT_REDIRECT] 1 : Invalid condition id : UX_CORESTACK_Condition cause : null
2025-06-14 10:12:34,204 [INFO] LogOutputStream:77 - [STDOUT_REDIRECT] 1 : Invalid condition id : UX_CORESTACK_Condition cause : null
2025-06-14 10:12:34,209 [INFO] LogOutputStream:77 - [STDOUT_REDIRECT] 1 : Invalid condition id : UX_CORESTACK_Condition cause : null
2025-06-14 10:12:34,214 [INFO] LogOutputStream:77 - [STDOUT_REDIRECT] 1 : Invalid condition id : UX_CORESTACK_Condition cause : null
2025-06-14 10:12:34,219 [INFO] LogOutputStream:77 - [STDOUT_REDIRECT] 1 : Invalid condition id : UX_CORESTACK_Condition cause : null
2025-06-14 10:12:34,223 [WARN] PackLoader:240 - Cannot read IP mode file for STMicroelectronics.X-CUBE-AZRTOS-WL.2.0.0
2025-06-14 10:12:34,234 [WARN] PackLoader:240 - Cannot read IP mode file for STMicroelectronics.FP-SNS-MOTENV1.5.0.0
2025-06-14 10:12:34,249 [WARN] PackLoader:240 - Cannot read IP mode file for wolfSSL.I-CUBE-wolfMQTT.1.19.0
2025-06-14 10:12:34,277 [WARN] PackLoader:240 - Cannot read IP mode file for WES.I-CUBE-Cesium.1.3.0
2025-06-14 10:12:34,297 [WARN] PackLoader:240 - Cannot read IP mode file for STMicroelectronics.X-CUBE-BLE2.3.3.0
2025-06-14 10:12:34,372 [WARN] PackLoader:240 - Cannot read IP mode file for STMicroelectronics.X-CUBE-NFC9.1.0.0
2025-06-14 10:12:34,382 [WARN] PackLoader:240 - Cannot read IP mode file for STMicroelectronics.X-CUBE-BLE1.7.1.0
2025-06-14 10:12:34,398 [WARN] PackLoader:240 - Cannot read IP mode file for STMicroelectronics.X-CUBE-TCPP.4.1.0
2025-06-14 10:12:34,409 [WARN] PackLoader:240 - Cannot read IP mode file for STMicroelectronics.X-CUBE-AI.10.1.0
2025-06-14 10:12:34,423 [WARN] PackLoader:240 - Cannot read IP mode file for STMicroelectronics.X-CUBE-ALGOBUILD.1.3.0
2025-06-14 10:12:34,505 [WARN] PackLoader:240 - Cannot read IP mode file for STMicroelectronics.X-CUBE-MEMS1.11.2.0
2025-06-14 10:12:34,734 [WARN] PackLoader:240 - Cannot read IP mode file for STMicroelectronics.X-CUBE-AZRTOS-G0.1.1.0
2025-06-14 10:12:34,752 [WARN] PackLoader:240 - Cannot read IP mode file for STMicroelectronics.X-CUBE-SAFEA1.1.2.2
2025-06-14 10:12:34,770 [WARN] PackLoader:240 - Cannot read IP mode file for STMicroelectronics.X-CUBE-NFC4.3.0.0
2025-06-14 10:12:34,792 [WARN] PackLoader:240 - Cannot read IP mode file for EmbeddedOffice.I-CUBE-FS-RTOS.1.0.1
2025-06-14 10:12:34,803 [WARN] PackLoader:240 - Cannot read IP mode file for STMicroelectronics.X-CUBE-WB05N.2.0.0
2025-06-14 10:12:34,814 [WARN] PackLoader:240 - Cannot read IP mode file for STMicroelectronics.X-CUBE-TCPP.4.2.0
2025-06-14 10:12:34,831 [WARN] PackLoader:240 - Cannot read IP mode file for RealThread.X-CUBE-RT-Thread_Nano.4.1.1
2025-06-14 10:12:34,843 [WARN] PackLoader:240 - Cannot read IP mode file for wolfSSL.I-CUBE-wolfSSL.5.7.0
2025-06-14 10:12:34,855 [WARN] PackLoader:240 - Cannot read IP mode file for STMicroelectronics.FP-ATR-SIGFOX1.3.2.0
2025-06-14 10:12:34,869 [WARN] ConditionMgr:438 - getConditionDescription Invalid condition id : Cortex-A Device cause : null
2025-06-14 10:12:34,888 [WARN] ConditionMgr:1044 - genDependencies : Invalid condition id : Cortex-A Device cause : null
2025-06-14 10:12:34,888 [WARN] ConditionMgr:1044 - genDependencies : Invalid condition id : Cortex-A Device cause : null
2025-06-14 10:12:34,888 [WARN] ConditionMgr:1044 - genDependencies : Invalid condition id : Cortex-A Device cause : null
2025-06-14 10:12:34,905 [WARN] PackLoader:240 - Cannot read IP mode file for STMicroelectronics.X-CUBE-EEPRMA1.5.1.0
2025-06-14 10:12:34,920 [WARN] PackLoader:240 - Cannot read IP mode file for wolfSSL.I-CUBE-wolfSSL.5.7.4
2025-06-14 10:12:34,935 [WARN] PackLoader:240 - Cannot read IP mode file for ITTIA_DB.I-CUBE-ITTIADB.8.9.0
2025-06-14 10:12:34,964 [WARN] PackLoader:240 - Cannot read IP mode file for STMicroelectronics.X-CUBE-ST67W61.1.0.0
2025-06-14 10:12:35,010 [WARN] PackLoader:240 - Cannot read IP mode file for SEGGER.I-CUBE-embOS.1.3.1
2025-06-14 10:12:35,058 [WARN] PackLoader:240 - Cannot read IP mode file for STMicroelectronics.X-CUBE-ALGOBUILD.1.4.0
2025-06-14 10:12:35,123 [WARN] PackLoader:240 - Cannot read IP mode file for STMicroelectronics.X-CUBE-MEMS1.11.3.0
2025-06-14 10:12:35,299 [WARN] PackLoader:240 - Cannot read IP mode file for STMicroelectronics.X-CUBE-AI.9.1.0
2025-06-14 10:12:35,369 [WARN] PackLoader:240 - Cannot read IP mode file for STMicroelectronics.X-CUBE-GNSS1.6.0.0
2025-06-14 10:12:35,392 [WARN] PackLoader:240 - Cannot read IP mode file for STMicroelectronics.X-CUBE-AZRTOS-F4.1.1.0
2025-06-14 10:12:35,406 [WARN] PackLoader:240 - Cannot read IP mode file for Avnet-IotConnect.X-CUBE-IoTC-DA16k-PMOD.1.0.0
2025-06-14 10:12:35,414 [WARN] PackLoader:240 - Cannot read IP mode file for STMicroelectronics.X-CUBE-ISPU.2.1.0
2025-06-14 10:12:35,426 [WARN] PackLoader:240 - Cannot read IP mode file for STMicroelectronics.X-CUBE-FREERTOS.1.2.0
2025-06-14 10:12:35,446 [WARN] PackLoader:240 - Cannot read IP mode file for STMicroelectronics.X-CUBE-AZRTOS-L5.2.0.0
2025-06-14 10:12:35,461 [WARN] PackLoader:240 - Cannot read IP mode file for STMicroelectronics.X-CUBE-NFC6.3.1.0
2025-06-14 10:12:35,474 [WARN] PackLoader:240 - Cannot read IP mode file for STMicroelectronics.X-CUBE-DPower.1.2.0
2025-06-14 10:12:35,488 [WARN] PackLoader:240 - Cannot read IP mode file for STMicroelectronics.X-CUBE-AI.9.0.0
2025-06-14 10:12:35,542 [WARN] PackLoader:240 - Cannot read IP mode file for STMicroelectronics.X-CUBE-FREERTOS.1.3.1
2025-06-14 10:12:35,555 [WARN] PackLoader:240 - Cannot read IP mode file for STMicroelectronics.X-CUBE-FREERTOS.1.3.0
2025-06-14 10:12:35,565 [WARN] PackLoader:240 - Cannot read IP mode file for STMicroelectronics.X-CUBE-NFC7.1.0.1
2025-06-14 10:12:35,577 [WARN] PackLoader:240 - Cannot read IP mode file for wolfSSL.I-CUBE-wolfTPM.3.2.0
2025-06-14 10:12:35,585 [WARN] PackLoader:240 - Cannot read IP mode file for STMicroelectronics.X-CUBE-DPower.1.3.0
2025-06-14 10:12:35,609 [WARN] ConditionMgr:438 - getConditionDescription Invalid condition id : LAN8742 Phy interface Condition cause : null
2025-06-14 10:12:35,610 [WARN] PackLoader:240 - Cannot read IP mode file for STMicroelectronics.X-CUBE-AZRTOS-L4.2.0.0
2025-06-14 10:12:35,611 [WARN] ConditionMgr:1044 - genDependencies : Invalid condition id : LAN8742 Phy interface Condition cause : null
2025-06-14 10:12:35,612 [WARN] ConditionMgr:1044 - genDependencies : Invalid condition id : LAN8742 Phy interface Condition cause : null
2025-06-14 10:12:35,613 [WARN] ConditionMgr:1044 - genDependencies : Invalid condition id : LAN8742 Phy interface Condition cause : null
2025-06-14 10:12:35,630 [WARN] PackLoader:240 - Cannot read IP mode file for STMicroelectronics.X-CUBE-SFXS2LP1.4.0.0
2025-06-14 10:12:35,661 [WARN] PackLoader:240 - Cannot read IP mode file for STMicroelectronics.X-CUBE-AZRTOS-H7.3.3.0
2025-06-14 10:12:35,680 [WARN] PackLoader:240 - Cannot read IP mode file for STMicroelectronics.X-CUBE-IPS.3.0.0
2025-06-14 10:12:35,700 [WARN] ConditionMgr:438 - getConditionDescription Invalid condition id : UX DEVICE CLASS RTOS Condition cause : null
2025-06-14 10:12:35,701 [WARN] ConditionMgr:438 - getConditionDescription Invalid condition id : UX DEVICE CLASS RTOS Condition cause : null
2025-06-14 10:12:35,703 [WARN] PackLoader:240 - Cannot read IP mode file for STMicroelectronics.X-CUBE-AZRTOS-WB.2.0.0
2025-06-14 10:12:35,704 [WARN] ConditionMgr:1044 - genDependencies : Invalid condition id : UX DEVICE CLASS RTOS Condition cause : null
2025-06-14 10:12:35,704 [WARN] ConditionMgr:1044 - genDependencies : Invalid condition id : UX DEVICE CLASS RTOS Condition cause : null
2025-06-14 10:12:35,704 [WARN] ConditionMgr:1044 - genDependencies : Invalid condition id : UX DEVICE CLASS RTOS Condition cause : null
2025-06-14 10:12:35,705 [WARN] ConditionMgr:1044 - genDependencies : Invalid condition id : UX DEVICE CLASS RTOS Condition cause : null
2025-06-14 10:12:35,705 [WARN] ConditionMgr:1044 - genDependencies : Invalid condition id : UX DEVICE CLASS RTOS Condition cause : null
2025-06-14 10:12:35,720 [WARN] PackLoader:240 - Cannot read IP mode file for STMicroelectronics.X-CUBE-GNSS1.7.0.0
2025-06-14 10:12:35,736 [WARN] PackLoader:240 - Cannot read IP mode file for STMicroelectronics.X-CUBE-GNSS1.7.0.1
2025-06-14 10:12:35,746 [WARN] PackLoader:240 - Cannot read IP mode file for STMicroelectronics.X-CUBE-TOUCHGFX.4.25.0
2025-06-14 10:12:35,783 [WARN] PackLoader:240 - Cannot read IP mode file for STMicroelectronics.FP-SNS-STBOX1.2.0.0
2025-06-14 10:12:35,806 [WARN] PackLoader:240 - Cannot read IP mode file for STMicroelectronics.X-CUBE-SUBG2.5.0.0
2025-06-14 10:12:35,837 [WARN] PackLoader:240 - Cannot read IP mode file for STMicroelectronics.X-CUBE-AZRTOS-H7RS.1.1.0
2025-06-14 10:12:35,849 [WARN] PackLoader:240 - Cannot read IP mode file for Cesanta.I-CUBE-Mongoose.7.13.0
2025-06-14 10:12:35,866 [WARN] PackLoader:240 - Cannot read IP mode file for STMicroelectronics.X-CUBE-AZRTOS-G4.2.0.0
2025-06-14 10:12:35,875 [WARN] PackLoader:240 - Cannot read IP mode file for STMicroelectronics.X-CUBE-NFC7.2.0.0
2025-06-14 10:12:35,883 [WARN] PackLoader:240 - Cannot read IP mode file for STMicroelectronics.X-CUBE-ISPU.2.0.0
2025-06-14 10:12:35,901 [WARN] PackLoader:240 - Cannot read IP mode file for STMicroelectronics.X-CUBE-IPS.3.1.0
2025-06-14 10:12:35,922 [WARN] PackLoader:240 - Cannot read IP mode file for STMicroelectronics.X-CUBE-ALS.1.0.2
2025-06-14 10:12:35,982 [WARN] PackLoader:240 - Cannot read IP mode file for STMicroelectronics.X-CUBE-MEMS1.10.0.0
2025-06-14 10:12:36,217 [WARN] PackLoader:240 - Cannot read IP mode file for STMicroelectronics.X-CUBE-TOUCHGFX.4.24.0
2025-06-14 10:12:36,222 [WARN] PackLoader:240 - Cannot read IP mode file for STMicroelectronics.X-CUBE-TOUCHGFX.4.24.2
2025-06-14 10:12:36,227 [WARN] PackLoader:240 - Cannot read IP mode file for STMicroelectronics.X-CUBE-TOUCHGFX.4.24.1
2025-06-14 10:12:36,233 [WARN] PackLoader:240 - Cannot read IP mode file for wolfSSL.I-CUBE-wolfTPM.3.4.0
2025-06-14 10:12:36,243 [WARN] PackLoader:240 - Cannot read IP mode file for portGmbH.I-Cube-SoM-uGOAL.1.1.0
2025-06-14 10:12:36,249 [WARN] PackLoader:240 - Cannot read IP mode file for STMicroelectronics.X-CUBE-ALS.1.0.1
2025-06-14 10:12:36,261 [WARN] PackLoader:240 - Cannot read IP mode file for STMicroelectronics.X-CUBE-AI.7.0.0
2025-06-14 10:12:36,324 [WARN] PackLoader:240 - Cannot read IP mode file for STMicroelectronics.X-CUBE-AZRTOS-H7RS.1.0.0
2025-06-14 10:12:36,332 [WARN] PackLoader:240 - Cannot read IP mode file for STMicroelectronics.FP-ATR-ASTRA1.2.0.0
2025-06-14 10:12:36,347 [WARN] PackLoader:240 - Cannot read IP mode file for STMicroelectronics.X-CUBE-TOF1.3.4.2
2025-06-14 10:12:36,368 [WARN] PackLoader:240 - Cannot read IP mode file for STMicroelectronics.X-CUBE-TOF1.3.4.3
2025-06-14 10:12:36,446 [WARN] PackLoader:240 - Cannot read IP mode file for STMicroelectronics.X-CUBE-TOF1.3.4.1
2025-06-14 10:12:36,473 [WARN] PackLoader:240 - Cannot read IP mode file for STMicroelectronics.X-CUBE-AZRTOS-H7.3.2.0
2025-06-14 10:12:36,495 [WARN] PackLoader:240 - Cannot read IP mode file for Infineon.AIROC-Wi-Fi-Bluetooth-STM32.1.6.0
2025-06-14 10:12:36,508 [WARN] PackLoader:240 - Cannot read IP mode file for wolfSSL.I-CUBE-wolfSSH.1.4.17
2025-06-14 10:12:36,509 [INFO] ThirdParty:978 - Integrity check success = true
2025-06-14 10:12:36,509 [INFO] IntegrityCheckThread:100 - exiting critical section [integrity check]
2025-06-14 10:12:36,509 [INFO] IntegrityCheckThread:103 - End integrity checks thread
